2024-05-05 21:21:07,786 INFO o.a.j.u.JMeterUtils: Setting Locale to en_EN
2024-05-05 21:21:07,801 INFO o.a.j.JMeter: Loading user properties from: C:\Program Files\apache-jmeter-5.6.3\bin\user.properties
2024-05-05 21:21:07,801 INFO o.a.j.JMeter: Loading system properties from: C:\Program Files\apache-jmeter-5.6.3\bin\system.properties
2024-05-05 21:21:07,816 INFO o.a.j.JMeter: Copyright (c) 1998-2024 The Apache Software Foundation
2024-05-05 21:21:07,816 INFO o.a.j.JMeter: Version 5.6.3
2024-05-05 21:21:07,816 INFO o.a.j.JMeter: java.version=22.0.1
2024-05-05 21:21:07,816 INFO o.a.j.JMeter: java.vm.name=Java HotSpot(TM) 64-Bit Server VM
2024-05-05 21:21:07,816 INFO o.a.j.JMeter: os.name=Windows 11
2024-05-05 21:21:07,816 INFO o.a.j.JMeter: os.arch=amd64
2024-05-05 21:21:07,816 INFO o.a.j.JMeter: os.version=10.0
2024-05-05 21:21:07,816 INFO o.a.j.JMeter: file.encoding=UTF-8
2024-05-05 21:21:07,816 INFO o.a.j.JMeter: java.awt.headless=true
2024-05-05 21:21:07,816 INFO o.a.j.JMeter: Max memory     =1073741824
2024-05-05 21:21:07,816 INFO o.a.j.JMeter: Available Processors =12
2024-05-05 21:21:07,832 INFO o.a.j.JMeter: Default Locale=English (EN)
2024-05-05 21:21:07,832 INFO o.a.j.JMeter: JMeter  Locale=English (EN)
2024-05-05 21:21:07,832 INFO o.a.j.JMeter: JMeterHome=C:\Program Files\apache-jmeter-5.6.3
2024-05-05 21:21:07,832 INFO o.a.j.JMeter: user.dir  =E:\Internship Materials\Bug Resistance\Load Testing\W3School
2024-05-05 21:21:07,833 INFO o.a.j.JMeter: PWD       =E:\Internship Materials\Bug Resistance\Load Testing\W3School
2024-05-05 21:21:07,833 INFO o.a.j.JMeter: IP: 192.168.0.104 Name: DESKTOP-36IB1DN FullName: DESKTOP-36IB1DN
2024-05-05 21:21:07,833 INFO o.a.j.JMeter: Setting property 'jmeter.reportgenerator.outputdir' to:'E:\Internship Materials\Bug Resistance\Load Testing\W3School\Report'
2024-05-05 21:21:07,848 INFO o.a.j.s.FileServer: Default base='E:\Internship Materials\Bug Resistance\Load Testing\W3School'
2024-05-05 21:21:07,848 INFO o.a.j.s.FileServer: Set new base='E:\Internship Materials\Bug Resistance\Load Testing\W3School'
2024-05-05 21:21:08,038 INFO o.a.j.s.SaveService: Testplan (JMX) version: 2.2. Testlog (JTL) version: 2.2
2024-05-05 21:21:08,070 INFO o.a.j.s.SaveService: Using SaveService properties version 5.0
2024-05-05 21:21:08,070 INFO o.a.j.s.SaveService: Using SaveService properties file encoding UTF-8
2024-05-05 21:21:08,070 INFO o.a.j.s.SaveService: Loading file: E:\Internship Materials\Bug Resistance\Load Testing\W3School\W3School.jmx
2024-05-05 21:21:08,148 INFO o.a.j.p.h.s.HTTPSamplerBase: Parser for text/html is org.apache.jmeter.protocol.http.parser.LagartoBasedHtmlParser
2024-05-05 21:21:08,148 INFO o.a.j.p.h.s.HTTPSamplerBase: Parser for application/xhtml+xml is org.apache.jmeter.protocol.http.parser.LagartoBasedHtmlParser
2024-05-05 21:21:08,148 INFO o.a.j.p.h.s.HTTPSamplerBase: Parser for application/xml is org.apache.jmeter.protocol.http.parser.LagartoBasedHtmlParser
2024-05-05 21:21:08,148 INFO o.a.j.p.h.s.HTTPSamplerBase: Parser for text/xml is org.apache.jmeter.protocol.http.parser.LagartoBasedHtmlParser
2024-05-05 21:21:08,148 INFO o.a.j.p.h.s.HTTPSamplerBase: Parser for text/vnd.wap.wml is org.apache.jmeter.protocol.http.parser.RegexpHTMLParser
2024-05-05 21:21:08,148 INFO o.a.j.p.h.s.HTTPSamplerBase: Parser for text/css is org.apache.jmeter.protocol.http.parser.CssParser
2024-05-05 21:21:08,164 INFO o.a.j.JMeter: Creating summariser <summary>
2024-05-05 21:21:08,164 INFO o.a.j.r.d.ReportGenerator: ReportGenerator will use for Parsing the separator: ','
2024-05-05 21:21:08,164 INFO o.a.j.r.d.ReportGenerator: Will generate report at end of test from  results file: E:\Internship Materials\Bug Resistance\Load Testing\W3School\report.csv
2024-05-05 21:21:08,164 INFO o.a.j.r.d.ReportGenerator: Reading report generator properties from: C:\Program Files\apache-jmeter-5.6.3\bin\reportgenerator.properties
2024-05-05 21:21:08,179 INFO o.a.j.r.d.ReportGenerator: Merging with JMeter properties
2024-05-05 21:21:08,179 INFO o.a.j.r.c.ReportGeneratorConfiguration: Property 'jmeter.reportgenerator.temp_dir' not found, using default value 'temp' instead.
2024-05-05 21:21:08,179 INFO o.a.j.r.c.ReportGeneratorConfiguration: Property 'jmeter.reportgenerator.apdex_per_transaction' not found, using default value 'null' instead.
2024-05-05 21:21:08,179 INFO o.a.j.r.c.ReportGeneratorConfiguration: apdex_per_transaction is empty, not APDEX per transaction customization
2024-05-05 21:21:08,179 INFO o.a.j.r.c.ReportGeneratorConfiguration: Property 'jmeter.reportgenerator.sample_filter' not found, using default value 'null' instead.
2024-05-05 21:21:08,179 INFO o.a.j.r.c.ReportGeneratorConfiguration: Property 'jmeter.reportgenerator.report_title' not found, using default value 'null' instead.
2024-05-05 21:21:08,179 INFO o.a.j.r.c.ReportGeneratorConfiguration: Property 'jmeter.reportgenerator.start_date' not found, using default value 'null' instead.
2024-05-05 21:21:08,179 INFO o.a.j.r.c.ReportGeneratorConfiguration: Property 'jmeter.reportgenerator.end_date' not found, using default value 'null' instead.
2024-05-05 21:21:08,179 INFO o.a.j.r.c.ReportGeneratorConfiguration: Property 'jmeter.reportgenerator.date_format' not found, using default value 'null' instead.
2024-05-05 21:21:08,179 INFO o.a.j.r.c.ReportGeneratorConfiguration: Will use date range start date: null, end date: null
2024-05-05 21:21:08,179 INFO o.a.j.r.c.ReportGeneratorConfiguration: Property 'jmeter.reportgenerator.graph.totalTPS.exclude_controllers' not found, using default value 'false' instead.
2024-05-05 21:21:08,179 INFO o.a.j.r.c.ReportGeneratorConfiguration: Property 'jmeter.reportgenerator.graph.activeThreadsOverTime.exclude_controllers' not found, using default value 'false' instead.
2024-05-05 21:21:08,179 INFO o.a.j.r.c.ReportGeneratorConfiguration: Property 'jmeter.reportgenerator.graph.timeVsThreads.exclude_controllers' not found, using default value 'false' instead.
2024-05-05 21:21:08,179 INFO o.a.j.r.c.ReportGeneratorConfiguration: Property 'jmeter.reportgenerator.graph.responseTimeDistribution.exclude_controllers' not found, using default value 'false' instead.
2024-05-05 21:21:08,179 INFO o.a.j.r.c.ReportGeneratorConfiguration: Property 'jmeter.reportgenerator.graph.transactionsPerSecond.exclude_controllers' not found, using default value 'false' instead.
2024-05-05 21:21:08,179 INFO o.a.j.r.c.ReportGeneratorConfiguration: Property 'jmeter.reportgenerator.graph.responseTimePercentiles.exclude_controllers' not found, using default value 'false' instead.
2024-05-05 21:21:08,179 INFO o.a.j.r.c.ReportGeneratorConfiguration: Property 'jmeter.reportgenerator.graph.responseTimePercentilesOverTime.exclude_controllers' not found, using default value 'false' instead.
2024-05-05 21:21:08,179 INFO o.a.j.r.c.ReportGeneratorConfiguration: Property 'jmeter.reportgenerator.graph.responseTimesOverTime.exclude_controllers' not found, using default value 'false' instead.
2024-05-05 21:21:08,179 INFO o.a.j.r.c.ReportGeneratorConfiguration: Property 'jmeter.reportgenerator.graph.connectTimeOverTime.exclude_controllers' not found, using default value 'false' instead.
2024-05-05 21:21:08,179 INFO o.a.j.r.c.ReportGeneratorConfiguration: Property 'jmeter.reportgenerator.graph.latenciesOverTime.exclude_controllers' not found, using default value 'false' instead.
2024-05-05 21:21:08,179 INFO o.a.j.r.c.ReportGeneratorConfiguration: Property 'jmeter.reportgenerator.exporter.json.filters_only_sample_series' not found, using default value 'true' instead.
2024-05-05 21:21:08,179 INFO o.a.j.r.c.ReportGeneratorConfiguration: Property 'jmeter.reportgenerator.exporter.json.series_filter' not found, using default value '' instead.
2024-05-05 21:21:08,179 INFO o.a.j.r.c.ReportGeneratorConfiguration: Property 'jmeter.reportgenerator.exporter.json.show_controllers_only' not found, using default value 'false' instead.
2024-05-05 21:21:08,179 INFO o.a.j.r.c.ReportGeneratorConfiguration: Property 'jmeter.reportgenerator.exporter.html.filters_only_sample_series' not found, using default value 'true' instead.
2024-05-05 21:21:08,179 INFO o.a.j.r.c.ReportGeneratorConfiguration: Property 'jmeter.reportgenerator.exporter.html.series_filter' not found, using default value '' instead.
2024-05-05 21:21:08,179 INFO o.a.j.r.c.ReportGeneratorConfiguration: Property 'jmeter.reportgenerator.exporter.html.show_controllers_only' not found, using default value 'false' instead.
2024-05-05 21:21:08,195 INFO o.a.j.e.StandardJMeterEngine: Running the test!
2024-05-05 21:21:08,195 INFO o.a.j.s.SampleEvent: List of sample_variables: []
2024-05-05 21:21:08,195 INFO o.a.j.s.SampleEvent: List of sample_variables: []
2024-05-05 21:21:08,212 INFO o.a.j.e.u.CompoundVariable: Note: Function class names must contain the string: '.functions.'
2024-05-05 21:21:08,212 INFO o.a.j.e.u.CompoundVariable: Note: Function class names must not contain the string: '.gui.'
2024-05-05 21:21:08,274 INFO o.a.j.JMeter: Running test (1714922468274)
2024-05-05 21:21:08,289 INFO o.a.j.e.StandardJMeterEngine: Starting ThreadGroup: 1 : Thread Group
2024-05-05 21:21:08,289 INFO o.a.j.e.StandardJMeterEngine: Starting 50 threads for group Thread Group.
2024-05-05 21:21:08,289 INFO o.a.j.e.StandardJMeterEngine: Thread will continue on error
2024-05-05 21:21:08,289 INFO o.a.j.t.ThreadGroup: Starting thread group... number=1 threads=50 ramp-up=5 delayedStart=false
2024-05-05 21:21:08,304 INFO o.a.j.t.JMeterThread: Thread started: Thread Group 1-1
2024-05-05 21:21:08,317 INFO o.a.j.t.ThreadGroup: Started thread group number 1
2024-05-05 21:21:08,317 INFO o.a.j.e.StandardJMeterEngine: All thread groups have been started
2024-05-05 21:21:08,322 INFO o.a.j.p.h.s.HTTPHCAbstractImpl: Local host = DESKTOP-36IB1DN
2024-05-05 21:21:08,326 INFO o.a.j.p.h.s.HTTPHC4Impl: HTTP request retry count = 0
2024-05-05 21:21:08,328 INFO o.a.j.s.SampleResult: Note: Sample TimeStamps are START times
2024-05-05 21:21:08,328 INFO o.a.j.s.SampleResult: sampleresult.default.encoding is set to UTF-8
2024-05-05 21:21:08,328 INFO o.a.j.s.SampleResult: sampleresult.useNanoTime=true
2024-05-05 21:21:08,328 INFO o.a.j.s.SampleResult: sampleresult.nanoThreadSleep=5000
2024-05-05 21:21:08,405 INFO o.a.j.t.JMeterThread: Thread started: Thread Group 1-2
2024-05-05 21:21:08,474 INFO o.a.j.p.h.s.h.LazyLayeredConnectionSocketFactory: Setting up HTTPS TrustAll Socket Factory
2024-05-05 21:21:08,479 INFO o.a.j.u.JsseSSLManager: Using default SSL protocol: TLS
2024-05-05 21:21:08,479 INFO o.a.j.u.JsseSSLManager: SSL session context: per-thread
2024-05-05 21:21:08,505 INFO o.a.j.t.JMeterThread: Thread started: Thread Group 1-3
2024-05-05 21:21:08,592 INFO o.a.j.t.JMeterThread: Thread started: Thread Group 1-4
2024-05-05 21:21:08,603 INFO o.a.j.u.SSLManager: JmeterKeyStore Location:  type JKS
2024-05-05 21:21:08,605 INFO o.a.j.u.SSLManager: KeyStore created OK
2024-05-05 21:21:08,605 WARN o.a.j.u.SSLManager: Keystore file not found, loading empty keystore
2024-05-05 21:21:08,692 INFO o.a.j.t.JMeterThread: Thread started: Thread Group 1-5
2024-05-05 21:21:08,792 INFO o.a.j.t.JMeterThread: Thread started: Thread Group 1-6
2024-05-05 21:21:08,891 INFO o.a.j.t.JMeterThread: Thread started: Thread Group 1-7
2024-05-05 21:21:08,991 INFO o.a.j.t.JMeterThread: Thread started: Thread Group 1-8
2024-05-05 21:21:09,091 INFO o.a.j.t.JMeterThread: Thread started: Thread Group 1-9
2024-05-05 21:21:09,190 INFO o.a.j.t.JMeterThread: Thread started: Thread Group 1-10
2024-05-05 21:21:09,290 INFO o.a.j.t.JMeterThread: Thread started: Thread Group 1-11
2024-05-05 21:21:09,390 INFO o.a.j.t.JMeterThread: Thread started: Thread Group 1-12
2024-05-05 21:21:09,491 INFO o.a.j.t.JMeterThread: Thread started: Thread Group 1-13
2024-05-05 21:21:09,589 INFO o.a.j.t.JMeterThread: Thread started: Thread Group 1-14
2024-05-05 21:21:09,691 INFO o.a.j.t.JMeterThread: Thread started: Thread Group 1-15
2024-05-05 21:21:09,790 INFO o.a.j.t.JMeterThread: Thread started: Thread Group 1-16
2024-05-05 21:21:09,889 INFO o.a.j.t.JMeterThread: Thread started: Thread Group 1-17
2024-05-05 21:21:09,990 INFO o.a.j.t.JMeterThread: Thread started: Thread Group 1-18
2024-05-05 21:21:10,089 INFO o.a.j.t.JMeterThread: Thread started: Thread Group 1-19
2024-05-05 21:21:10,190 INFO o.a.j.t.JMeterThread: Thread started: Thread Group 1-20
2024-05-05 21:21:10,291 INFO o.a.j.t.JMeterThread: Thread started: Thread Group 1-21
2024-05-05 21:21:10,390 INFO o.a.j.t.JMeterThread: Thread started: Thread Group 1-22
2024-05-05 21:21:10,489 INFO o.a.j.t.JMeterThread: Thread started: Thread Group 1-23
2024-05-05 21:21:10,589 INFO o.a.j.t.JMeterThread: Thread started: Thread Group 1-24
2024-05-05 21:21:10,690 INFO o.a.j.t.JMeterThread: Thread started: Thread Group 1-25
2024-05-05 21:21:10,790 INFO o.a.j.t.JMeterThread: Thread started: Thread Group 1-26
2024-05-05 21:21:10,890 INFO o.a.j.t.JMeterThread: Thread started: Thread Group 1-27
2024-05-05 21:21:10,905 INFO o.a.j.t.JMeterThread: Thread is done: Thread Group 1-4
2024-05-05 21:21:10,905 INFO o.a.j.t.JMeterThread: Thread finished: Thread Group 1-4
2024-05-05 21:21:10,990 INFO o.a.j.t.JMeterThread: Thread started: Thread Group 1-28
2024-05-05 21:21:11,090 INFO o.a.j.t.JMeterThread: Thread started: Thread Group 1-29
2024-05-05 21:21:11,190 INFO o.a.j.t.JMeterThread: Thread started: Thread Group 1-30
2024-05-05 21:21:11,291 INFO o.a.j.t.JMeterThread: Thread started: Thread Group 1-31
2024-05-05 21:21:11,390 INFO o.a.j.t.JMeterThread: Thread started: Thread Group 1-32
2024-05-05 21:21:11,491 INFO o.a.j.t.JMeterThread: Thread started: Thread Group 1-33
2024-05-05 21:21:11,589 INFO o.a.j.t.JMeterThread: Thread started: Thread Group 1-34
2024-05-05 21:21:11,690 INFO o.a.j.t.JMeterThread: Thread started: Thread Group 1-35
2024-05-05 21:21:11,790 INFO o.a.j.t.JMeterThread: Thread started: Thread Group 1-36
2024-05-05 21:21:11,889 INFO o.a.j.t.JMeterThread: Thread started: Thread Group 1-37
2024-05-05 21:21:11,990 INFO o.a.j.t.JMeterThread: Thread started: Thread Group 1-38
2024-05-05 21:21:12,090 INFO o.a.j.t.JMeterThread: Thread started: Thread Group 1-39
2024-05-05 21:21:12,191 INFO o.a.j.t.JMeterThread: Thread started: Thread Group 1-40
2024-05-05 21:21:12,290 INFO o.a.j.t.JMeterThread: Thread started: Thread Group 1-41
2024-05-05 21:21:12,391 INFO o.a.j.t.JMeterThread: Thread started: Thread Group 1-42
2024-05-05 21:21:12,490 INFO o.a.j.t.JMeterThread: Thread started: Thread Group 1-43
2024-05-05 21:21:12,589 INFO o.a.j.t.JMeterThread: Thread started: Thread Group 1-44
2024-05-05 21:21:12,690 INFO o.a.j.t.JMeterThread: Thread started: Thread Group 1-45
2024-05-05 21:21:12,791 INFO o.a.j.t.JMeterThread: Thread started: Thread Group 1-46
2024-05-05 21:21:12,890 INFO o.a.j.t.JMeterThread: Thread started: Thread Group 1-47
2024-05-05 21:21:12,990 INFO o.a.j.t.JMeterThread: Thread started: Thread Group 1-48
2024-05-05 21:21:13,091 INFO o.a.j.t.JMeterThread: Thread started: Thread Group 1-49
2024-05-05 21:21:13,191 INFO o.a.j.t.JMeterThread: Thread started: Thread Group 1-50
2024-05-05 21:21:14,859 INFO o.a.j.t.JMeterThread: Thread is done: Thread Group 1-1
2024-05-05 21:21:14,859 INFO o.a.j.t.JMeterThread: Thread finished: Thread Group 1-1
2024-05-05 21:21:16,762 INFO o.a.j.t.JMeterThread: Thread is done: Thread Group 1-6
2024-05-05 21:21:16,762 INFO o.a.j.t.JMeterThread: Thread finished: Thread Group 1-6
2024-05-05 21:21:18,095 INFO o.a.j.t.JMeterThread: Thread is done: Thread Group 1-47
2024-05-05 21:21:18,095 INFO o.a.j.t.JMeterThread: Thread finished: Thread Group 1-47
2024-05-05 21:21:18,505 INFO o.a.j.t.JMeterThread: Thread is done: Thread Group 1-48
2024-05-05 21:21:18,505 INFO o.a.j.t.JMeterThread: Thread finished: Thread Group 1-48
2024-05-05 21:21:18,913 INFO o.a.j.t.JMeterThread: Thread is done: Thread Group 1-17
2024-05-05 21:21:18,913 INFO o.a.j.t.JMeterThread: Thread finished: Thread Group 1-17
2024-05-05 21:21:19,102 INFO o.a.j.t.JMeterThread: Thread is done: Thread Group 1-3
2024-05-05 21:21:19,102 INFO o.a.j.t.JMeterThread: Thread finished: Thread Group 1-3
2024-05-05 21:21:19,259 INFO o.a.j.t.JMeterThread: Thread is done: Thread Group 1-18
2024-05-05 21:21:19,259 INFO o.a.j.t.JMeterThread: Thread finished: Thread Group 1-18
2024-05-05 21:21:19,573 INFO o.a.j.t.JMeterThread: Thread is done: Thread Group 1-5
2024-05-05 21:21:19,573 INFO o.a.j.t.JMeterThread: Thread finished: Thread Group 1-5
2024-05-05 21:21:20,376 INFO o.a.j.t.JMeterThread: Thread is done: Thread Group 1-14
2024-05-05 21:21:20,376 INFO o.a.j.t.JMeterThread: Thread finished: Thread Group 1-14
2024-05-05 21:21:20,549 INFO o.a.j.t.JMeterThread: Thread is done: Thread Group 1-15
2024-05-05 21:21:20,549 INFO o.a.j.t.JMeterThread: Thread finished: Thread Group 1-15
2024-05-05 21:21:21,210 INFO o.a.j.t.JMeterThread: Thread is done: Thread Group 1-19
2024-05-05 21:21:21,210 INFO o.a.j.t.JMeterThread: Thread finished: Thread Group 1-19
2024-05-05 21:21:21,430 INFO o.a.j.t.JMeterThread: Thread is done: Thread Group 1-29
2024-05-05 21:21:21,430 INFO o.a.j.t.JMeterThread: Thread finished: Thread Group 1-29
2024-05-05 21:21:21,843 INFO o.a.j.t.JMeterThread: Thread is done: Thread Group 1-31
2024-05-05 21:21:21,843 INFO o.a.j.t.JMeterThread: Thread finished: Thread Group 1-31
2024-05-05 21:21:22,470 INFO o.a.j.t.JMeterThread: Thread is done: Thread Group 1-26
2024-05-05 21:21:22,470 INFO o.a.j.t.JMeterThread: Thread finished: Thread Group 1-26
2024-05-05 21:21:22,501 INFO o.a.j.t.JMeterThread: Thread is done: Thread Group 1-25
2024-05-05 21:21:22,501 INFO o.a.j.t.JMeterThread: Thread finished: Thread Group 1-25
2024-05-05 21:21:22,910 INFO o.a.j.t.JMeterThread: Thread is done: Thread Group 1-45
2024-05-05 21:21:22,910 INFO o.a.j.t.JMeterThread: Thread finished: Thread Group 1-45
2024-05-05 21:21:23,005 INFO o.a.j.t.JMeterThread: Thread is done: Thread Group 1-35
2024-05-05 21:21:23,005 INFO o.a.j.t.JMeterThread: Thread finished: Thread Group 1-35
2024-05-05 21:21:23,934 INFO o.a.j.t.JMeterThread: Thread is done: Thread Group 1-44
2024-05-05 21:21:23,934 INFO o.a.j.t.JMeterThread: Thread finished: Thread Group 1-44
2024-05-05 21:21:24,004 INFO o.a.j.t.JMeterThread: Thread is done: Thread Group 1-36
2024-05-05 21:21:24,006 INFO o.a.j.t.JMeterThread: Thread finished: Thread Group 1-36
2024-05-05 21:21:24,346 INFO o.a.j.t.JMeterThread: Thread is done: Thread Group 1-24
2024-05-05 21:21:24,346 INFO o.a.j.t.JMeterThread: Thread finished: Thread Group 1-24
2024-05-05 21:21:24,623 INFO o.a.j.t.JMeterThread: Thread is done: Thread Group 1-16
2024-05-05 21:21:24,623 INFO o.a.j.t.JMeterThread: Thread finished: Thread Group 1-16
2024-05-05 21:21:24,693 INFO o.a.j.t.JMeterThread: Thread is done: Thread Group 1-21
2024-05-05 21:21:24,693 INFO o.a.j.t.JMeterThread: Thread finished: Thread Group 1-21
2024-05-05 21:21:25,195 INFO o.a.j.t.JMeterThread: Thread is done: Thread Group 1-20
2024-05-05 21:21:25,195 INFO o.a.j.t.JMeterThread: Thread finished: Thread Group 1-20
2024-05-05 21:21:25,262 INFO o.a.j.t.JMeterThread: Thread is done: Thread Group 1-28
2024-05-05 21:21:25,263 INFO o.a.j.t.JMeterThread: Thread finished: Thread Group 1-28
2024-05-05 21:21:25,432 INFO o.a.j.t.JMeterThread: Thread is done: Thread Group 1-46
2024-05-05 21:21:25,432 INFO o.a.j.t.JMeterThread: Thread finished: Thread Group 1-46
2024-05-05 21:21:25,621 INFO o.a.j.t.JMeterThread: Thread is done: Thread Group 1-33
2024-05-05 21:21:25,621 INFO o.a.j.t.JMeterThread: Thread finished: Thread Group 1-33
2024-05-05 21:21:25,733 INFO o.a.j.t.JMeterThread: Thread is done: Thread Group 1-40
2024-05-05 21:21:25,733 INFO o.a.j.t.JMeterThread: Thread finished: Thread Group 1-40
2024-05-05 21:21:26,080 INFO o.a.j.t.JMeterThread: Thread is done: Thread Group 1-8
2024-05-05 21:21:26,080 INFO o.a.j.t.JMeterThread: Thread finished: Thread Group 1-8
2024-05-05 21:21:26,206 INFO o.a.j.t.JMeterThread: Thread is done: Thread Group 1-42
2024-05-05 21:21:26,206 INFO o.a.j.t.JMeterThread: Thread finished: Thread Group 1-42
2024-05-05 21:21:26,270 INFO o.a.j.t.JMeterThread: Thread is done: Thread Group 1-39
2024-05-05 21:21:26,270 INFO o.a.j.t.JMeterThread: Thread finished: Thread Group 1-39
2024-05-05 21:21:26,414 INFO o.a.j.t.JMeterThread: Thread is done: Thread Group 1-22
2024-05-05 21:21:26,414 INFO o.a.j.t.JMeterThread: Thread finished: Thread Group 1-22
2024-05-05 21:21:26,554 INFO o.a.j.t.JMeterThread: Thread is done: Thread Group 1-41
2024-05-05 21:21:26,554 INFO o.a.j.t.JMeterThread: Thread finished: Thread Group 1-41
2024-05-05 21:21:26,601 INFO o.a.j.t.JMeterThread: Thread is done: Thread Group 1-49
2024-05-05 21:21:26,601 INFO o.a.j.t.JMeterThread: Thread finished: Thread Group 1-49
2024-05-05 21:21:26,918 INFO o.a.j.t.JMeterThread: Thread is done: Thread Group 1-9
2024-05-05 21:21:26,918 INFO o.a.j.t.JMeterThread: Thread finished: Thread Group 1-9
2024-05-05 21:21:26,966 INFO o.a.j.t.JMeterThread: Thread is done: Thread Group 1-7
2024-05-05 21:21:26,967 INFO o.a.j.t.JMeterThread: Thread finished: Thread Group 1-7
2024-05-05 21:21:28,181 INFO o.a.j.t.JMeterThread: Thread is done: Thread Group 1-10
2024-05-05 21:21:28,181 INFO o.a.j.t.JMeterThread: Thread finished: Thread Group 1-10
2024-05-05 21:21:28,228 INFO o.a.j.t.JMeterThread: Thread is done: Thread Group 1-30
2024-05-05 21:21:28,228 INFO o.a.j.t.JMeterThread: Thread finished: Thread Group 1-30
2024-05-05 21:21:28,465 INFO o.a.j.t.JMeterThread: Thread is done: Thread Group 1-32
2024-05-05 21:21:28,465 INFO o.a.j.t.JMeterThread: Thread finished: Thread Group 1-32
2024-05-05 21:21:28,680 INFO o.a.j.t.JMeterThread: Thread is done: Thread Group 1-13
2024-05-05 21:21:28,680 INFO o.a.j.t.JMeterThread: Thread finished: Thread Group 1-13
2024-05-05 21:21:28,734 INFO o.a.j.t.JMeterThread: Thread is done: Thread Group 1-27
2024-05-05 21:21:28,734 INFO o.a.j.t.JMeterThread: Thread finished: Thread Group 1-27
2024-05-05 21:21:28,797 INFO o.a.j.t.JMeterThread: Thread is done: Thread Group 1-12
2024-05-05 21:21:28,797 INFO o.a.j.t.JMeterThread: Thread finished: Thread Group 1-12
2024-05-05 21:21:28,845 INFO o.a.j.t.JMeterThread: Thread is done: Thread Group 1-11
2024-05-05 21:21:28,845 INFO o.a.j.t.JMeterThread: Thread finished: Thread Group 1-11
2024-05-05 21:21:29,067 INFO o.a.j.t.JMeterThread: Thread is done: Thread Group 1-34
2024-05-05 21:21:29,067 INFO o.a.j.t.JMeterThread: Thread finished: Thread Group 1-34
2024-05-05 21:21:29,147 INFO o.a.j.t.JMeterThread: Thread is done: Thread Group 1-37
2024-05-05 21:21:29,147 INFO o.a.j.t.JMeterThread: Thread finished: Thread Group 1-37
2024-05-05 21:21:29,168 INFO o.a.j.t.JMeterThread: Thread is done: Thread Group 1-2
2024-05-05 21:21:29,168 INFO o.a.j.t.JMeterThread: Thread finished: Thread Group 1-2
2024-05-05 21:21:29,387 INFO o.a.j.t.JMeterThread: Thread is done: Thread Group 1-50
2024-05-05 21:21:29,387 INFO o.a.j.t.JMeterThread: Thread finished: Thread Group 1-50
2024-05-05 21:21:29,387 INFO o.a.j.t.JMeterThread: Thread is done: Thread Group 1-38
2024-05-05 21:21:29,387 INFO o.a.j.t.JMeterThread: Thread finished: Thread Group 1-38
2024-05-05 21:21:29,698 INFO o.a.j.t.JMeterThread: Thread is done: Thread Group 1-43
2024-05-05 21:21:29,698 INFO o.a.j.t.JMeterThread: Thread finished: Thread Group 1-43
2024-05-05 21:21:30,111 INFO o.a.j.r.Summariser: summary +     50 in 00:00:22 =    2.3/s Avg: 13641 Min:  2310 Max: 20764 Err:     0 (0.00%) Active: 1 Started: 50 Finished: 49
2024-05-05 21:21:30,121 INFO o.a.j.t.JMeterThread: Thread is done: Thread Group 1-23
2024-05-05 21:21:30,121 INFO o.a.j.t.JMeterThread: Thread finished: Thread Group 1-23
2024-05-05 21:21:30,121 INFO o.a.j.e.StandardJMeterEngine: Notifying test listeners of end of test
2024-05-05 21:21:30,123 INFO o.a.j.r.Summariser: summary =     50 in 00:00:22 =    2.3/s Avg: 13641 Min:  2310 Max: 20764 Err:     0 (0.00%)
2024-05-05 21:21:30,129 INFO o.a.j.JMeter: Generating Dashboard
2024-05-05 21:21:30,129 INFO o.a.j.r.d.ReportGenerator: Flushing result collector before report Generation
2024-05-05 21:21:30,140 INFO o.a.j.r.p.NormalizerSampleConsumer: Using format, 'ms', to parse timeStamp field
2024-05-05 21:21:30,264 INFO o.a.j.r.p.AbstractSampleConsumer: class org.apache.jmeter.report.processor.AggregateConsumer#stopProducing(): beginDate produced 0 samples
2024-05-05 21:21:30,264 INFO o.a.j.r.p.AbstractSampleConsumer: class org.apache.jmeter.report.processor.AggregateConsumer#stopProducing(): endDate produced 0 samples
2024-05-05 21:21:30,288 INFO o.a.j.r.p.AbstractSampleConsumer: class org.apache.jmeter.report.processor.ApdexSummaryConsumer#stopProducing(): apdexSummary produced 0 samples
2024-05-05 21:21:30,288 INFO o.a.j.r.p.AbstractSampleConsumer: class org.apache.jmeter.report.processor.RequestsSummaryConsumer#stopProducing(): requestsSummary produced 0 samples
2024-05-05 21:21:30,296 INFO o.a.j.r.p.AbstractSampleConsumer: class org.apache.jmeter.report.processor.StatisticsSummaryConsumer#stopProducing(): statisticsSummary produced 0 samples
2024-05-05 21:21:30,296 INFO o.a.j.r.p.AbstractSampleConsumer: class org.apache.jmeter.report.processor.Top5ErrorsBySamplerConsumer#stopProducing(): top5ErrorsBySampler produced 0 samples
2024-05-05 21:21:30,296 INFO o.a.j.r.p.AbstractSampleConsumer: class org.apache.jmeter.report.processor.ErrorsSummaryConsumer#stopProducing(): errorsSummary produced 0 samples
2024-05-05 21:21:30,296 INFO o.a.j.r.p.AbstractSampleConsumer: class org.apache.jmeter.report.processor.graph.impl.HitsPerSecondGraphConsumer#stopProducing(): hitsPerSecond produced 0 samples
2024-05-05 21:21:30,321 INFO o.a.j.r.p.AbstractSampleConsumer: class org.apache.jmeter.report.processor.graph.impl.LatencyVSRequestGraphConsumer#stopProducing(): latencyVsRequest produced 0 samples
2024-05-05 21:21:30,321 INFO o.a.j.r.p.AbstractSampleConsumer: class org.apache.jmeter.report.processor.graph.impl.SyntheticResponseTimeDistributionGraphConsumer#stopProducing(): syntheticResponseTimeDistribution produced 0 samples
2024-05-05 21:21:30,321 INFO o.a.j.r.p.AbstractSampleConsumer: class org.apache.jmeter.report.processor.graph.impl.BytesThroughputGraphConsumer#stopProducing(): bytesThroughputOverTime produced 0 samples
2024-05-05 21:21:30,321 INFO o.a.j.r.p.AbstractSampleConsumer: class org.apache.jmeter.report.processor.graph.impl.CodesPerSecondGraphConsumer#stopProducing(): codesPerSecond produced 0 samples
2024-05-05 21:21:30,328 INFO o.a.j.r.p.AbstractSampleConsumer: class org.apache.jmeter.report.processor.graph.impl.ResponseTimeVSRequestGraphConsumer#stopProducing(): responseTimeVsRequest produced 0 samples
2024-05-05 21:21:30,328 INFO o.a.j.r.p.AbstractSampleConsumer: class org.apache.jmeter.report.processor.FilterConsumer#stopProducing(): startIntervalControlerFilter produced 350 samples
2024-05-05 21:21:30,328 INFO o.a.j.r.p.AbstractSampleConsumer: class org.apache.jmeter.report.processor.graph.impl.TotalTPSGraphConsumer#stopProducing(): totalTPS produced 0 samples
2024-05-05 21:21:30,328 INFO o.a.j.r.p.AbstractSampleConsumer: class org.apache.jmeter.report.processor.graph.impl.ActiveThreadsGraphConsumer#stopProducing(): activeThreadsOverTime produced 0 samples
2024-05-05 21:21:30,328 INFO o.a.j.r.p.AbstractSampleConsumer: class org.apache.jmeter.report.processor.graph.impl.TimeVSThreadGraphConsumer#stopProducing(): timeVsThreads produced 0 samples
2024-05-05 21:21:30,328 INFO o.a.j.r.p.AbstractSampleConsumer: class org.apache.jmeter.report.processor.graph.impl.ResponseTimeDistributionGraphConsumer#stopProducing(): responseTimeDistribution produced 0 samples
2024-05-05 21:21:30,328 INFO o.a.j.r.p.AbstractSampleConsumer: class org.apache.jmeter.report.processor.graph.impl.TransactionsPerSecondGraphConsumer#stopProducing(): transactionsPerSecond produced 0 samples
2024-05-05 21:21:30,328 INFO o.a.j.r.p.AbstractSampleConsumer: class org.apache.jmeter.report.processor.graph.impl.ResponseTimePercentilesGraphConsumer#stopProducing(): responseTimePercentiles produced 0 samples
2024-05-05 21:21:30,328 INFO o.a.j.r.p.AbstractSampleConsumer: class org.apache.jmeter.report.processor.graph.impl.ResponseTimePercentilesOverTimeGraphConsumer#stopProducing(): responseTimePercentilesOverTime produced 0 samples
2024-05-05 21:21:30,328 INFO o.a.j.r.p.AbstractSampleConsumer: class org.apache.jmeter.report.processor.graph.impl.ResponseTimeOverTimeGraphConsumer#stopProducing(): responseTimesOverTime produced 0 samples
2024-05-05 21:21:30,328 INFO o.a.j.r.p.AbstractSampleConsumer: class org.apache.jmeter.report.processor.graph.impl.ConnectTimeOverTimeGraphConsumer#stopProducing(): connectTimeOverTime produced 0 samples
2024-05-05 21:21:30,328 INFO o.a.j.r.p.AbstractSampleConsumer: class org.apache.jmeter.report.processor.graph.impl.LatencyOverTimeGraphConsumer#stopProducing(): latenciesOverTime produced 0 samples
2024-05-05 21:21:30,328 INFO o.a.j.r.p.AbstractSampleConsumer: class org.apache.jmeter.report.processor.FilterConsumer#stopProducing(): nameFilter produced 750 samples
2024-05-05 21:21:30,328 INFO o.a.j.r.p.AbstractSampleConsumer: class org.apache.jmeter.report.processor.FilterConsumer#stopProducing(): dateRangeFilter produced 150 samples
2024-05-05 21:21:30,328 INFO o.a.j.r.p.AbstractSampleConsumer: class org.apache.jmeter.report.processor.NormalizerSampleConsumer#stopProducing(): normalizer produced 50 samples
2024-05-05 21:21:30,328 INFO o.a.j.r.p.CsvFileSampleSource: produce(): 50 samples produced in 142ms on channel 0
2024-05-05 21:21:30,328 INFO o.a.j.r.d.ReportGenerator: Exporting data using exporter:'json' of className:'org.apache.jmeter.report.dashboard.JsonExporter'
2024-05-05 21:21:30,454 INFO o.a.j.r.d.JsonExporter: Found data for consumer statisticsSummary in context
2024-05-05 21:21:30,454 INFO o.a.j.r.d.JsonExporter: Creating statistics for overall
2024-05-05 21:21:30,454 INFO o.a.j.r.d.JsonExporter: Creating statistics for other transactions
2024-05-05 21:21:30,454 INFO o.a.j.r.d.JsonExporter: Checking output folder
2024-05-05 21:21:30,454 INFO o.a.j.r.d.JsonExporter: Writing statistics JSON to E:\Internship Materials\Bug Resistance\Load Testing\W3School\Report\statistics.json
2024-05-05 21:21:30,533 INFO o.a.j.r.d.ReportGenerator: Exporting data using exporter:'html' of className:'org.apache.jmeter.report.dashboard.HtmlTemplateExporter'
2024-05-05 21:21:30,533 INFO o.a.j.r.d.HtmlTemplateExporter: Will generate dashboard in folder: E:\Internship Materials\Bug Resistance\Load Testing\W3School\Report
2024-05-05 21:21:30,723 INFO o.a.j.r.d.HtmlTemplateExporter: Report will be generated in: E:\Internship Materials\Bug Resistance\Load Testing\W3School\Report, creating folder structure
2024-05-05 21:21:30,723 INFO o.a.j.r.d.TemplateVisitor: Copying folder from 'C:\Program Files\apache-jmeter-5.6.3\bin\report-template' to 'E:\Internship Materials\Bug Resistance\Load Testing\W3School\Report', got message: E:\Internship Materials\Bug Resistance\Load Testing\W3School\Report, found non empty folder with following content [E:\Internship Materials\Bug Resistance\Load Testing\W3School\Report\statistics.json], will be ignored
2024-05-05 21:21:31,178 INFO o.a.j.JMeter: Dashboard generated
